==============================================================================
TPSEPT2023                                                                    
==============================================================================
TPSEPT2023.Web3                                                               
==============================================================================
INIT_ROBOT
TPSEPT2023.Web3.Prestashop                                                    
==============================================================================
Recherche MUG                                                         | PASS |
------------------------------------------------------------------------------
TPSEPT2023.Web3.Prestashop                                            | PASS |
1 test, 1 passed, 0 failed
==============================================================================
TPSEPT2023.Web3                                                       | PASS |
1 test, 1 passed, 0 failed
==============================================================================
TPSEPT2023                                                            | PASS |
1 test, 1 passed, 0 failed
==============================================================================
Output:  /Users/dominiquemereaux/code/TPSEPT2023/pabot_results/2/1/output.xml
