==============================================================================
TPSEPT2023                                                                    
==============================================================================
TPSEPT2023.Web                                                                
==============================================================================
TPSEPT2023.Web.Recherche                                                      
==============================================================================
recherche MUG                                                           
  Traceback (most recent call last):
    ~~~~~~~~~~~~~~~~~~~~~~~~~~~~~~~~~~~~~~~~~~~~~~~~~~~~~~~~~~~~~~~~~~~~~~~~~~
    File  /Users/dominiquemereaux/code/TPSEPT2023/web/recherche.robot:9
    T:  recherche MUG    
    ~~~~~~~~~~~~~~~~~~~~~~~~~~~~~~~~~~~~~~~~~~~~~~~~~~~~~~~~~~~~~~~~~~~~~~~~~~
    File  /Users/dominiquemereaux/code/TPSEPT2023/web/recherche.robot:4
      ouvrir prestashop    
    ~~~~~~~~~~~~~~~~~~~~~~~~~~~~~~~~~~~~~~~~~~~~~~~~~~~~~~~~~~~~~~~~~~~~~~~~~~
    File  /Users/dominiquemereaux/code/TPSEPT2023/web/prestaMotcle.resource:20
      Open Browser    ${URL}    ${BROWSER}    executable_path=${PATH}
      |  ${URL} = http://prestashop.qualifiez.fr (str)
      |  ${BROWSER} = gc (str)
      |  executable_path=${PATH} = executable_path=/Users/dominiquemereaux/code/driver/chromedriver (str)
______________________________________________________________________________
  
  Traceback (most recent call last):
    ~~~~~~~~~~~~~~~~~~~~~~~~~~~~~~~~~~~~~~~~~~~~~~~~~~~~~~~~~~~~~~~~~~~~~~~~~~
    File  /Users/dominiquemereaux/code/TPSEPT2023/web/recherche.robot:9
    T:  recherche MUG    
    ~~~~~~~~~~~~~~~~~~~~~~~~~~~~~~~~~~~~~~~~~~~~~~~~~~~~~~~~~~~~~~~~~~~~~~~~~~
    File  /Users/dominiquemereaux/code/TPSEPT2023/web/recherche.robot:5
      fermer prestashop    
    ~~~~~~~~~~~~~~~~~~~~~~~~~~~~~~~~~~~~~~~~~~~~~~~~~~~~~~~~~~~~~~~~~~~~~~~~~~
    File  /Users/dominiquemereaux/code/TPSEPT2023/web/prestaMotcle.resource:31
      Close Browser    
______________________________________________________________________________
| FAIL |
Setup failed:
No keyword with name 'Open Browser' found.

Also teardown failed:
No keyword with name 'Close Browser' found.
------------------------------------------------------------------------------
recup options                                                           
  Traceback (most recent call last):
    ~~~~~~~~~~~~~~~~~~~~~~~~~~~~~~~~~~~~~~~~~~~~~~~~~~~~~~~~~~~~~~~~~~~~~~~~~~
    File  /Users/dominiquemereaux/code/TPSEPT2023/web/recherche.robot:15
    T:  recup options    
    ~~~~~~~~~~~~~~~~~~~~~~~~~~~~~~~~~~~~~~~~~~~~~~~~~~~~~~~~~~~~~~~~~~~~~~~~~~
    File  /Users/dominiquemereaux/code/TPSEPT2023/web/recherche.robot:4
      ouvrir prestashop    
    ~~~~~~~~~~~~~~~~~~~~~~~~~~~~~~~~~~~~~~~~~~~~~~~~~~~~~~~~~~~~~~~~~~~~~~~~~~
    File  /Users/dominiquemereaux/code/TPSEPT2023/web/prestaMotcle.resource:20
      Open Browser    ${URL}    ${BROWSER}    executable_path=${PATH}
      |  ${URL} = http://prestashop.qualifiez.fr (str)
      |  ${BROWSER} = gc (str)
      |  executable_path=${PATH} = executable_path=/Users/dominiquemereaux/code/driver/chromedriver (str)
______________________________________________________________________________
  
  Traceback (most recent call last):
    ~~~~~~~~~~~~~~~~~~~~~~~~~~~~~~~~~~~~~~~~~~~~~~~~~~~~~~~~~~~~~~~~~~~~~~~~~~
    File  /Users/dominiquemereaux/code/TPSEPT2023/web/recherche.robot:15
    T:  recup options    
    ~~~~~~~~~~~~~~~~~~~~~~~~~~~~~~~~~~~~~~~~~~~~~~~~~~~~~~~~~~~~~~~~~~~~~~~~~~
    File  /Users/dominiquemereaux/code/TPSEPT2023/web/recherche.robot:5
      fermer prestashop    
    ~~~~~~~~~~~~~~~~~~~~~~~~~~~~~~~~~~~~~~~~~~~~~~~~~~~~~~~~~~~~~~~~~~~~~~~~~~
    File  /Users/dominiquemereaux/code/TPSEPT2023/web/prestaMotcle.resource:31
      Close Browser    
______________________________________________________________________________
| FAIL |
Setup failed:
No keyword with name 'Open Browser' found.

Also teardown failed:
No keyword with name 'Close Browser' found.
------------------------------------------------------------------------------
verifier presence menu                                                  
  Traceback (most recent call last):
    ~~~~~~~~~~~~~~~~~~~~~~~~~~~~~~~~~~~~~~~~~~~~~~~~~~~~~~~~~~~~~~~~~~~~~~~~~~
    File  /Users/dominiquemereaux/code/TPSEPT2023/web/recherche.robot:21
    T:  verifier presence menu    
    ~~~~~~~~~~~~~~~~~~~~~~~~~~~~~~~~~~~~~~~~~~~~~~~~~~~~~~~~~~~~~~~~~~~~~~~~~~
    File  /Users/dominiquemereaux/code/TPSEPT2023/web/recherche.robot:4
      ouvrir prestashop    
    ~~~~~~~~~~~~~~~~~~~~~~~~~~~~~~~~~~~~~~~~~~~~~~~~~~~~~~~~~~~~~~~~~~~~~~~~~~
    File  /Users/dominiquemereaux/code/TPSEPT2023/web/prestaMotcle.resource:20
      Open Browser    ${URL}    ${BROWSER}    executable_path=${PATH}
      |  ${URL} = http://prestashop.qualifiez.fr (str)
      |  ${BROWSER} = gc (str)
      |  executable_path=${PATH} = executable_path=/Users/dominiquemereaux/code/driver/chromedriver (str)
______________________________________________________________________________
  
  Traceback (most recent call last):
    ~~~~~~~~~~~~~~~~~~~~~~~~~~~~~~~~~~~~~~~~~~~~~~~~~~~~~~~~~~~~~~~~~~~~~~~~~~
    File  /Users/dominiquemereaux/code/TPSEPT2023/web/recherche.robot:21
    T:  verifier presence menu    
    ~~~~~~~~~~~~~~~~~~~~~~~~~~~~~~~~~~~~~~~~~~~~~~~~~~~~~~~~~~~~~~~~~~~~~~~~~~
    File  /Users/dominiquemereaux/code/TPSEPT2023/web/recherche.robot:5
      fermer prestashop    
    ~~~~~~~~~~~~~~~~~~~~~~~~~~~~~~~~~~~~~~~~~~~~~~~~~~~~~~~~~~~~~~~~~~~~~~~~~~
    File  /Users/dominiquemereaux/code/TPSEPT2023/web/prestaMotcle.resource:31
      Close Browser    
______________________________________________________________________________
| FAIL |
Setup failed:
No keyword with name 'Open Browser' found.

Also teardown failed:
No keyword with name 'Close Browser' found.
------------------------------------------------------------------------------
Gestion des alertes                                                     
  Traceback (most recent call last):
    ~~~~~~~~~~~~~~~~~~~~~~~~~~~~~~~~~~~~~~~~~~~~~~~~~~~~~~~~~~~~~~~~~~~~~~~~~~
    File  /Users/dominiquemereaux/code/TPSEPT2023/web/recherche.robot:31
    T:  Gestion des alertes    
    ~~~~~~~~~~~~~~~~~~~~~~~~~~~~~~~~~~~~~~~~~~~~~~~~~~~~~~~~~~~~~~~~~~~~~~~~~~
    File  /Users/dominiquemereaux/code/TPSEPT2023/web/recherche.robot:32
      ouvrir W3C    
    ~~~~~~~~~~~~~~~~~~~~~~~~~~~~~~~~~~~~~~~~~~~~~~~~~~~~~~~~~~~~~~~~~~~~~~~~~~
    File  /Users/dominiquemereaux/code/TPSEPT2023/web/prestaMotcle.resource:26
      Open Browser    ${URL2}    ${BROWSER}    executable_path=${PATH}
      |  ${URL2} = https://www.w3schools.com/jsref/tryit.asp?filename=tryjsref_alert (str)
      |  ${BROWSER} = gc (str)
      |  executable_path=${PATH} = executable_path=/Users/dominiquemereaux/code/driver/chromedriver (str)
______________________________________________________________________________
  
  Traceback (most recent call last):
    ~~~~~~~~~~~~~~~~~~~~~~~~~~~~~~~~~~~~~~~~~~~~~~~~~~~~~~~~~~~~~~~~~~~~~~~~~~
    File  /Users/dominiquemereaux/code/TPSEPT2023/web/recherche.robot:31
    T:  Gestion des alertes    
    ~~~~~~~~~~~~~~~~~~~~~~~~~~~~~~~~~~~~~~~~~~~~~~~~~~~~~~~~~~~~~~~~~~~~~~~~~~
    File  /Users/dominiquemereaux/code/TPSEPT2023/web/recherche.robot:5
      fermer prestashop    
    ~~~~~~~~~~~~~~~~~~~~~~~~~~~~~~~~~~~~~~~~~~~~~~~~~~~~~~~~~~~~~~~~~~~~~~~~~~
    File  /Users/dominiquemereaux/code/TPSEPT2023/web/prestaMotcle.resource:31
      Close Browser    
______________________________________________________________________________
| FAIL |
Setup failed:
No keyword with name 'Open Browser' found.

Also teardown failed:
No keyword with name 'Close Browser' found.
------------------------------------------------------------------------------
TPSEPT2023.Web.Recherche                                              | FAIL |
4 tests, 0 passed, 4 failed
==============================================================================
TPSEPT2023.Web                                                        | FAIL |
4 tests, 0 passed, 4 failed
==============================================================================
TPSEPT2023                                                            | FAIL |
4 tests, 0 passed, 4 failed
==============================================================================
Output:  /Users/dominiquemereaux/code/TPSEPT2023/pabot_results/13/output.xml
