==============================================================================
TPSEPT2023                                                                    
==============================================================================
TPSEPT2023.Web                                                                
==============================================================================
TPSEPT2023.Web.UtilLib                                                        
==============================================================================
test du random                                                          
  Traceback (most recent call last):
    ~~~~~~~~~~~~~~~~~~~~~~~~~~~~~~~~~~~~~~~~~~~~~~~~~~~~~~~~~~~~~~~~~~~~~~~~~~
    File  /Users/dominiquemereaux/code/TPSEPT2023/web/UtilLib.robot:5
    T:  test du random    
    ~~~~~~~~~~~~~~~~~~~~~~~~~~~~~~~~~~~~~~~~~~~~~~~~~~~~~~~~~~~~~~~~~~~~~~~~~~
    File  /Users/dominiquemereaux/code/TPSEPT2023/web/UtilLib.robot:6
      Repeat Keyword    10    hasard
    ~~~~~~~~~~~~~~~~~~~~~~~~~~~~~~~~~~~~~~~~~~~~~~~~~~~~~~~~~~~~~~~~~~~~~~~~~~
    File  /Users/dominiquemereaux/code/TPSEPT2023/web/UtilLib.robot:6
      hasard    
    ~~~~~~~~~~~~~~~~~~~~~~~~~~~~~~~~~~~~~~~~~~~~~~~~~~~~~~~~~~~~~~~~~~~~~~~~~~
    File  /Users/dominiquemereaux/code/TPSEPT2023/web/UtilLib.robot:18
      maLibPython.random inf 12    
______________________________________________________________________________
| FAIL |
No keyword with name 'maLibPython.random inf 12' found.
------------------------------------------------------------------------------
test addition                                                           
  Traceback (most recent call last):
    ~~~~~~~~~~~~~~~~~~~~~~~~~~~~~~~~~~~~~~~~~~~~~~~~~~~~~~~~~~~~~~~~~~~~~~~~~~
    File  /Users/dominiquemereaux/code/TPSEPT2023/web/UtilLib.robot:12
    T:  test addition    
    ~~~~~~~~~~~~~~~~~~~~~~~~~~~~~~~~~~~~~~~~~~~~~~~~~~~~~~~~~~~~~~~~~~~~~~~~~~
    File  /Users/dominiquemereaux/code/TPSEPT2023/web/UtilLib.robot:13
      addition de chaine    1    2
______________________________________________________________________________
| FAIL |
No keyword with name 'addition de chaine' found.
------------------------------------------------------------------------------
TPSEPT2023.Web.UtilLib                                                | FAIL |
2 tests, 0 passed, 2 failed
==============================================================================
TPSEPT2023.Web                                                        | FAIL |
2 tests, 0 passed, 2 failed
==============================================================================
TPSEPT2023                                                            | FAIL |
2 tests, 0 passed, 2 failed
==============================================================================
Output:  /Users/dominiquemereaux/code/TPSEPT2023/pabot_results/15/output.xml
