==============================================================================
TPSEPT2023                                                                    
==============================================================================
TPSEPT2023.Web                                                                
==============================================================================
TPSEPT2023.Web.RechercheMultiple                                              
==============================================================================
recherche MUG                                                           
  Traceback (most recent call last):
    ~~~~~~~~~~~~~~~~~~~~~~~~~~~~~~~~~~~~~~~~~~~~~~~~~~~~~~~~~~~~~~~~~~~~~~~~~~
    File  /Users/dominiquemereaux/code/TPSEPT2023/web/RechercheMultiple.robot:9
    T:  recherche MUG    
    ~~~~~~~~~~~~~~~~~~~~~~~~~~~~~~~~~~~~~~~~~~~~~~~~~~~~~~~~~~~~~~~~~~~~~~~~~~
    File  /Users/dominiquemereaux/code/TPSEPT2023/web/RechercheMultiple.robot:5
      ouvrir prestashop    
    ~~~~~~~~~~~~~~~~~~~~~~~~~~~~~~~~~~~~~~~~~~~~~~~~~~~~~~~~~~~~~~~~~~~~~~~~~~
    File  /Users/dominiquemereaux/code/TPSEPT2023/web/prestaMotcle.resource:23
      Title Should Be    monPrestashop
______________________________________________________________________________
| FAIL |
Setup failed:
Title should have been 'monPrestashop' but was 'www.qualifiez.fr'.
------------------------------------------------------------------------------
recherche T-Shirt                                                       
  Traceback (most recent call last):
    ~~~~~~~~~~~~~~~~~~~~~~~~~~~~~~~~~~~~~~~~~~~~~~~~~~~~~~~~~~~~~~~~~~~~~~~~~~
    File  /Users/dominiquemereaux/code/TPSEPT2023/web/RechercheMultiple.robot:9
    T:  recherche T-Shirt    
    ~~~~~~~~~~~~~~~~~~~~~~~~~~~~~~~~~~~~~~~~~~~~~~~~~~~~~~~~~~~~~~~~~~~~~~~~~~
    File  /Users/dominiquemereaux/code/TPSEPT2023/web/RechercheMultiple.robot:5
      ouvrir prestashop    
    ~~~~~~~~~~~~~~~~~~~~~~~~~~~~~~~~~~~~~~~~~~~~~~~~~~~~~~~~~~~~~~~~~~~~~~~~~~
    File  /Users/dominiquemereaux/code/TPSEPT2023/web/prestaMotcle.resource:23
      Title Should Be    monPrestashop
______________________________________________________________________________
| FAIL |
Setup failed:
Title should have been 'monPrestashop' but was 'www.qualifiez.fr'.
------------------------------------------------------------------------------
TPSEPT2023.Web.RechercheMultiple                                      | FAIL |
2 tests, 0 passed, 2 failed
==============================================================================
TPSEPT2023.Web                                                        | FAIL |
2 tests, 0 passed, 2 failed
==============================================================================
TPSEPT2023                                                            | FAIL |
2 tests, 0 passed, 2 failed
==============================================================================
Output:  /Users/dominiquemereaux/code/TPSEPT2023/pabot_results/14/output.xml
