==============================================================================
TPSEPT2023                                                                    
==============================================================================
TPSEPT2023.Basic                                                              
==============================================================================
TPSEPT2023.Basic.Testvar                                                      
==============================================================================
test1                                                                 | PASS |
------------------------------------------------------------------------------
test2                                                                 | PASS |
------------------------------------------------------------------------------
TPSEPT2023.Basic.Testvar                                              | PASS |
2 tests, 2 passed, 0 failed
==============================================================================
TPSEPT2023.Basic                                                      | PASS |
2 tests, 2 passed, 0 failed
==============================================================================
TPSEPT2023                                                            | PASS |
2 tests, 2 passed, 0 failed
==============================================================================
Output:  /Users/dominiquemereaux/code/TPSEPT2023/pabot_results/2/output.xml
