==============================================================================
TPSEPT2023                                                                    
==============================================================================
TPSEPT2023.Basic                                                              
==============================================================================
TPSEPT2023.Basic.UtilisationDialogs                                           
==============================================================================
au hasard                                                             0
| PASS |
------------------------------------------------------------------------------
essai                                                                   
  Traceback (most recent call last):
    ~~~~~~~~~~~~~~~~~~~~~~~~~~~~~~~~~~~~~~~~~~~~~~~~~~~~~~~~~~~~~~~~~~~~~~~~~~
    File  /Users/dominiquemereaux/code/TPSEPT2023/Basic/UtilisationDialogs.robot:13
    T:  essai    
    ~~~~~~~~~~~~~~~~~~~~~~~~~~~~~~~~~~~~~~~~~~~~~~~~~~~~~~~~~~~~~~~~~~~~~~~~~~
    File  /Users/dominiquemereaux/code/TPSEPT2023/Basic/UtilisationDialogs.robot:16
      Take Screenshot    tto
______________________________________________________________________________
| FAIL |
Test timeout 4 seconds exceeded.
------------------------------------------------------------------------------
essai Timeout                                                           
  Traceback (most recent call last):
    ~~~~~~~~~~~~~~~~~~~~~~~~~~~~~~~~~~~~~~~~~~~~~~~~~~~~~~~~~~~~~~~~~~~~~~~~~~
    File  /Users/dominiquemereaux/code/TPSEPT2023/Basic/UtilisationDialogs.robot:17
    T:  essai Timeout    
    ~~~~~~~~~~~~~~~~~~~~~~~~~~~~~~~~~~~~~~~~~~~~~~~~~~~~~~~~~~~~~~~~~~~~~~~~~~
    File  /Users/dominiquemereaux/code/TPSEPT2023/Basic/UtilisationDialogs.robot:19
      Sleep    5s
______________________________________________________________________________
| FAIL |
Test timeout 4 seconds exceeded.
------------------------------------------------------------------------------
recuoperer                                                            dutfiuy
| PASS |
------------------------------------------------------------------------------
essai 2                                                               user2
| PASS |
------------------------------------------------------------------------------
TPSEPT2023.Basic.UtilisationDialogs                                   | FAIL |
5 tests, 3 passed, 2 failed
==============================================================================
TPSEPT2023.Basic                                                      | FAIL |
5 tests, 3 passed, 2 failed
==============================================================================
TPSEPT2023                                                            | FAIL |
5 tests, 3 passed, 2 failed
==============================================================================
Output:  /Users/dominiquemereaux/code/TPSEPT2023/pabot_results/4/output.xml
