==============================================================================
TPSEPT2023                                                                    
==============================================================================
TPSEPT2023.Web2                                                               
==============================================================================
TPSEPT2023.Web2.Web                                                           
==============================================================================
Recherche mug                                                         | PASS |
------------------------------------------------------------------------------
Recherche pull                                                        | PASS |
------------------------------------------------------------------------------
TPSEPT2023.Web2.Web                                                   | PASS |
2 tests, 2 passed, 0 failed
==============================================================================
TPSEPT2023.Web2                                                       | PASS |
2 tests, 2 passed, 0 failed
==============================================================================
TPSEPT2023                                                            | PASS |
2 tests, 2 passed, 0 failed
==============================================================================
Output:  /Users/dominiquemereaux/code/TPSEPT2023/pabot_results/16/output.xml
