==============================================================================
TPSEPT2023                                                                    
==============================================================================
TPSEPT2023.Basic                                                              
==============================================================================
TPSEPT2023.Basic.Helloworld :: de la doc de suite suite de la doc             
==============================================================================
charger la config
initialiser le matériel
afficher Variables                                                    
liste:1

dict:chien

liste:il

liste:il
| PASS |
------------------------------------------------------------------------------
afficher liste1                                                       
valeur: 1

valeur: 2

valeur: 3
| PASS |
------------------------------------------------------------------------------
test du if                                                            le test précédent est OK
| PASS |
------------------------------------------------------------------------------
vérif platform                                                        Darwin
| PASS |
------------------------------------------------------------------------------
afficher variable 2                                                   
liste:il
| PASS |
------------------------------------------------------------------------------
afficher les constantes                                               
IP:127.0.0.1,firmware:12.0.8
| PASS |
------------------------------------------------------------------------------
Helloworld :: doc de test                                             Bonjour
| PASS |
------------------------------------------------------------------------------
hello                                                                 hello-world
hello-toto
| PASS |
------------------------------------------------------------------------------
afficher variables prédéfinies                                        
/Users/dominiquemereaux/code/TPSEPT2023/Basic,
/var/folders/3b/z_3bn4n12j59v3g7l9pm1x8r0000gn/T,
/Users/dominiquemereaux/code/TPSEPT2023
| PASS |
------------------------------------------------------------------------------
Comparer un entier avec une chaine                                    le ttest ne s'est pas arreté

staut:PASS
| PASS |
------------------------------------------------------------------------------
test skippé                                                           | PASS |
------------------------------------------------------------------------------
modele                                                                | PASS |
------------------------------------------------------------------------------
test valeur inf à 10                                                  | PASS |
------------------------------------------------------------------------------
TPSEPT2023.Basic.Helloworld :: de la doc de suite suite de la doc     | PASS |
13 tests, 13 passed, 0 failed
==============================================================================
TPSEPT2023.Basic                                                      | PASS |
13 tests, 13 passed, 0 failed
==============================================================================
TPSEPT2023                                                            | PASS |
13 tests, 13 passed, 0 failed
==============================================================================
Output:  /Users/dominiquemereaux/code/TPSEPT2023/pabot_results/1/output.xml
