==============================================================================
TPSEPT2023                                                                    
==============================================================================
TPSEPT2023.Basic                                                              
==============================================================================
TPSEPT2023.Basic.connectionDistance                                           
==============================================================================
Test                                                                  resultat:Hello John!
ActivityA.apk
App2.apk
CI
CV.html
DM.html
Demo1.apk
Gallery_Restore
GestionTest
Outil
__MACOSX
blog-old
catalogue.pdf
clickandbuilds
css
design
essai.sh
examples
formation.html
gal048143663
images
index.html
journaldutesteur
logs
monPrestashop2
services.html
testlink-1.9.20
themes-old
toto.txt
| PASS |
------------------------------------------------------------------------------
TPSEPT2023.Basic.connectionDistance                                   | PASS |
1 test, 1 passed, 0 failed
==============================================================================
TPSEPT2023.Basic                                                      | PASS |
1 test, 1 passed, 0 failed
==============================================================================
TPSEPT2023                                                            | PASS |
1 test, 1 passed, 0 failed
==============================================================================
Output:  /Users/dominiquemereaux/code/TPSEPT2023/pabot_results/5/output.xml
