==============================================================================
TPSEPT2023                                                                    
==============================================================================
TPSEPT2023.Rest 2                                                             
==============================================================================
TPSEPT2023.Rest 2.Google                                                      
==============================================================================
test1                                                                 b'<?xml version="1.0" encoding="UTF-8"?>\n<GeocodeResponse>\n <status>REQUEST_DENIED</status>\n <error_message>You must use an API key to authenticate each request to Google Maps Platform APIs. For additional information, please refer to http://g.co/dev/maps-no-account</error_message>\n</GeocodeResponse>\n'
<Element 'GeocodeResponse' at 0x10277eed0>
REQUEST_DENIED
You must use an API key to authenticate each request to Google Maps Platform APIs. For additional information, please refer to http://g.co/dev/maps-no-account
| PASS |
------------------------------------------------------------------------------
TPSEPT2023.Rest 2.Google                                              | PASS |
1 test, 1 passed, 0 failed
==============================================================================
TPSEPT2023.Rest 2                                                     | PASS |
1 test, 1 passed, 0 failed
==============================================================================
TPSEPT2023                                                            | PASS |
1 test, 1 passed, 0 failed
==============================================================================
Output:  /Users/dominiquemereaux/code/TPSEPT2023/pabot_results/8/output.xml
