==============================================================================
TPSEPT2023                                                                    
==============================================================================
TPSEPT2023.Rest 2                                                             
==============================================================================
TPSEPT2023.Rest 2.chuckNorris                                                 
==============================================================================
Afficher une blage                                                    Only Chuck Norris can prevent a forest fire.
Chuck Norris does not own a house. He walks into random houses and people move.
| PASS |
------------------------------------------------------------------------------
blague test                                                           Chuck Norris was banned from competing in the National Karate Championship. Everyone he competed with the year before ended up in the Special Olympics.
| PASS |
------------------------------------------------------------------------------
blague dans fichier                                                   | PASS |
------------------------------------------------------------------------------
blague animal                                                         Chuck Norris can set ants on fire with a magnifying glass. At night.
| PASS |
------------------------------------------------------------------------------
afficher et contrôler une blague de chaque catégorie                  Chuck Norris once rode a bull, and nine months later it had a calf.
Chuck Norris is actually the front man for Apple. He let's Steve Jobs run the show when he's on a mission. Chuck Norris is always on a mission.
Mr. T pities the fool. Chuck Norris rips the fool's head off.
Chuck Norris doesn't need garbage collection because he doesn't call .Dispose(), he calls .DropKick().
Q. Why did Chuck Norris cross the road? A. He had his dick stuck in a chicken's ass.
Chuck Norris does not follow fashion trends, they follow him. But then he turns around and kicks their ass. Nobody follows Chuck Norris.
A man once taunted Chuck Norris with a bag of Lay's potato chips, saying "Betcha can't eat just one!" Chuck Norris proceeded to eat the chips, the bag, and the man in one deft move.
Chuck Norris once shot down a German fighter plane with his finger. By yelling "Bang!"
If you have $100 and Chuck Norris is broke, He still has more money than you.
In the X-Men movies, none of the X-Men super-powers are done with special effects. Chuck Norris is the stuntman for every character.
Who let the dogs out? Chuck Norris let the dogs out... and then roundhouse kicked them through an Oldsmobile.
Chuck Norris punched Barack Obama in the face. And fucked Michelle.
Jesus can walk on water, but Chuck Norris can swim through land.
Chuck Norris can do a roundhouse kick faster than the speed of light. This means that if you turn on a light switch, you will be dead before the lightbulb turns on.
Chuck Norris qualified with a top speed of 324 mph at the Daytona 500, without a car.
As an infant, Chuck Norris' parents gave him a toy hammer. He gave the world Stonehenge.
| PASS |
------------------------------------------------------------------------------
TPSEPT2023.Rest 2.chuckNorris                                         | PASS |
5 tests, 5 passed, 0 failed
==============================================================================
TPSEPT2023.Rest 2                                                     | PASS |
5 tests, 5 passed, 0 failed
==============================================================================
TPSEPT2023                                                            | PASS |
5 tests, 5 passed, 0 failed
==============================================================================
Output:  /Users/dominiquemereaux/code/TPSEPT2023/pabot_results/10/output.xml
