[ ERROR ] Error in file '/Users/dominiquemereaux/code/TPSEPT2023/Basic/testVariabilise.robot' on line 3: Library 'calcul_tarif.py' does not exist.
[ WARN ] Error in file '/Users/dominiquemereaux/code/TPSEPT2023/Basic/bibli.resource' on line 23: The '[Return]' setting is deprecated. Use the 'RETURN' statement instead.
[ ERROR ] Error in file '/Users/dominiquemereaux/code/TPSEPT2023/Basic/bibli.resource' on line 3: Importing library 'calcul.MaLibrairie2' failed: ModuleNotFoundError: No module named 'calcul'
Traceback (most recent call last):
  None
PYTHONPATH:
  /opt/homebrew/bin
  /opt/homebrew/Cellar/python@3.11/3.11.6/Frameworks/Python.framework/Versions/3.11/lib/python311.zip
  /opt/homebrew/Cellar/python@3.11/3.11.6/Frameworks/Python.framework/Versions/3.11/lib/python3.11
  /opt/homebrew/Cellar/python@3.11/3.11.6/Frameworks/Python.framework/Versions/3.11/lib/python3.11/lib-dynload
  /opt/homebrew/lib/python3.11/site-packages
  /opt/homebrew/lib/python3.11/site-packages/gpg-1.22.0-py3.11-macosx-12-arm64.egg
  /opt/homebrew/opt/python-tk@3.11/libexec
[ ERROR ] Error in file '/Users/dominiquemereaux/code/TPSEPT2023/Basic/bibli.resource' on line 4: Importing library 'calcul.MaLibrairie' failed: ModuleNotFoundError: No module named 'calcul'
Traceback (most recent call last):
  None
PYTHONPATH:
  /opt/homebrew/bin
  /opt/homebrew/Cellar/python@3.11/3.11.6/Frameworks/Python.framework/Versions/3.11/lib/python311.zip
  /opt/homebrew/Cellar/python@3.11/3.11.6/Frameworks/Python.framework/Versions/3.11/lib/python3.11
  /opt/homebrew/Cellar/python@3.11/3.11.6/Frameworks/Python.framework/Versions/3.11/lib/python3.11/lib-dynload
  /opt/homebrew/lib/python3.11/site-packages
  /opt/homebrew/lib/python3.11/site-packages/gpg-1.22.0-py3.11-macosx-12-arm64.egg
  /opt/homebrew/opt/python-tk@3.11/libexec
